{"Z:\\ReactApps\\react-hire-a-team\\src\\index.js": {"path":"Z:\\ReactApps\\react-hire-a-team\\src\\index.js","statementMap":{"0":{"start":{"line":6,"column":0},"end":{"line":9,"column":2}}},"fnMap":{},"branchMap":{},"s":{"0":0},"f":{},"b":{},"hash":"583dd100168fb8b7801bbaaded089ab8d87acbf1"}
,"Z:\\ReactApps\\react-hire-a-team\\src\\components\\Footer.js": {"path":"Z:\\ReactApps\\react-hire-a-team\\src\\components\\Footer.js","statementMap":{"0":{"start":{"line":5,"column":2},"end":{"line":13,"column":3}}},"fnMap":{"0":{"name":"Footer","decl":{"start":{"line":3,"column":24},"end":{"line":3,"column":30}},"loc":{"start":{"line":3,"column":33},"end":{"line":14,"column":1}},"line":3}},"branchMap":{},"s":{"0":4},"f":{"0":4},"b":{},"_coverageSchema":"43e27e138ebf9cfc5966b082cf9a028302ed4184","hash":"e95f568242ad8c80042ce69d690fc7c5245fc6cf"}
,"Z:\\ReactApps\\react-hire-a-team\\src\\components\\Header.js": {"path":"Z:\\ReactApps\\react-hire-a-team\\src\\components\\Header.js","statementMap":{"0":{"start":{"line":5,"column":2},"end":{"line":11,"column":3}}},"fnMap":{"0":{"name":"Header","decl":{"start":{"line":3,"column":24},"end":{"line":3,"column":30}},"loc":{"start":{"line":3,"column":33},"end":{"line":12,"column":1}},"line":3}},"branchMap":{},"s":{"0":4},"f":{"0":4},"b":{},"_coverageSchema":"43e27e138ebf9cfc5966b082cf9a028302ed4184","hash":"cb5261afc8d97d3bc367e0372d4891c1c66f744d"}
,"Z:\\ReactApps\\react-hire-a-team\\src\\components\\HowItWorks.js": {"path":"Z:\\ReactApps\\react-hire-a-team\\src\\components\\HowItWorks.js","statementMap":{"0":{"start":{"line":6,"column":4},"end":{"line":10,"column":5}}},"fnMap":{"0":{"name":"(anonymous_0)","decl":{"start":{"line":5,"column":2},"end":{"line":5,"column":3}},"loc":{"start":{"line":5,"column":11},"end":{"line":11,"column":3}},"line":5}},"branchMap":{},"s":{"0":0},"f":{"0":0},"b":{},"_coverageSchema":"43e27e138ebf9cfc5966b082cf9a028302ed4184","hash":"9dbf873fb7fb7b09b14443d6d08cb74759a50b40"}
,"Z:\\ReactApps\\react-hire-a-team\\src\\components\\Login.js": {"path":"Z:\\ReactApps\\react-hire-a-team\\src\\components\\Login.js","statementMap":{"0":{"start":{"line":6,"column":4},"end":{"line":10,"column":5}}},"fnMap":{"0":{"name":"(anonymous_0)","decl":{"start":{"line":5,"column":2},"end":{"line":5,"column":3}},"loc":{"start":{"line":5,"column":11},"end":{"line":11,"column":3}},"line":5}},"branchMap":{},"s":{"0":0},"f":{"0":0},"b":{},"_coverageSchema":"43e27e138ebf9cfc5966b082cf9a028302ed4184","hash":"75237e7a694b8553e8cf617d0f5bd87cf0b7f306"}
,"Z:\\ReactApps\\react-hire-a-team\\src\\components\\NotFound.js": {"path":"Z:\\ReactApps\\react-hire-a-team\\src\\components\\NotFound.js","statementMap":{"0":{"start":{"line":2,"column":17},"end":{"line":2,"column":47}},"1":{"start":{"line":2,"column":23},"end":{"line":2,"column":47}}},"fnMap":{"0":{"name":"(anonymous_0)","decl":{"start":{"line":2,"column":17},"end":{"line":2,"column":18}},"loc":{"start":{"line":2,"column":23},"end":{"line":2,"column":47}},"line":2}},"branchMap":{},"s":{"0":1,"1":0},"f":{"0":0},"b":{},"_coverageSchema":"43e27e138ebf9cfc5966b082cf9a028302ed4184","hash":"59f34fdb75d5870fd886e66eabeeb27ed588c4ad"}
,"Z:\\ReactApps\\react-hire-a-team\\src\\components\\PostJob.js": {"path":"Z:\\ReactApps\\react-hire-a-team\\src\\components\\PostJob.js","statementMap":{"0":{"start":{"line":6,"column":4},"end":{"line":10,"column":5}}},"fnMap":{"0":{"name":"(anonymous_0)","decl":{"start":{"line":5,"column":2},"end":{"line":5,"column":3}},"loc":{"start":{"line":5,"column":11},"end":{"line":11,"column":3}},"line":5}},"branchMap":{},"s":{"0":0},"f":{"0":0},"b":{},"_coverageSchema":"43e27e138ebf9cfc5966b082cf9a028302ed4184","hash":"00acad7e8ec174af708f471288551d5cabcfc6d8"}
,"Z:\\ReactApps\\react-hire-a-team\\src\\components\\Signup.js": {"path":"Z:\\ReactApps\\react-hire-a-team\\src\\components\\Signup.js","statementMap":{"0":{"start":{"line":6,"column":4},"end":{"line":10,"column":5}}},"fnMap":{"0":{"name":"(anonymous_0)","decl":{"start":{"line":5,"column":2},"end":{"line":5,"column":3}},"loc":{"start":{"line":5,"column":11},"end":{"line":11,"column":3}},"line":5}},"branchMap":{},"s":{"0":0},"f":{"0":0},"b":{},"_coverageSchema":"43e27e138ebf9cfc5966b082cf9a028302ed4184","hash":"6ec2f2e55faf60112d3085639d18e85e4bd609f5"}
,"Z:\\ReactApps\\react-hire-a-team\\src\\containers\\App.js": {"path":"Z:\\ReactApps\\react-hire-a-team\\src\\containers\\App.js","statementMap":{"0":{"start":{"line":16,"column":4},"end":{"line":32,"column":5}}},"fnMap":{"0":{"name":"(anonymous_0)","decl":{"start":{"line":15,"column":2},"end":{"line":15,"column":3}},"loc":{"start":{"line":15,"column":11},"end":{"line":33,"column":3}},"line":15}},"branchMap":{},"s":{"0":8},"f":{"0":8},"b":{},"_coverageSchema":"43e27e138ebf9cfc5966b082cf9a028302ed4184","hash":"88d98f623f6b16ef1124137bec0394b5a9eae6e9"}
,"Z:\\ReactApps\\react-hire-a-team\\src\\containers\\Nav.js": {"path":"Z:\\ReactApps\\react-hire-a-team\\src\\containers\\Nav.js","statementMap":{"0":{"start":{"line":6,"column":2},"end":{"line":26,"column":3}}},"fnMap":{"0":{"name":"Nav","decl":{"start":{"line":4,"column":24},"end":{"line":4,"column":27}},"loc":{"start":{"line":4,"column":30},"end":{"line":27,"column":1}},"line":4}},"branchMap":{},"s":{"0":10},"f":{"0":10},"b":{},"_coverageSchema":"43e27e138ebf9cfc5966b082cf9a028302ed4184","hash":"ac6a0b119890970a92d66c19b59ccab0fdd6a2e9"}
}
