TN:
SF:Z:\ReactApps\react-hire-a-team\src\index.js
FNF:0
FNH:0
DA:6,0
LF:1
LH:0
BRF:0
BRH:0
end_of_record
TN:
SF:Z:\ReactApps\react-hire-a-team\src\components\Footer.js
FN:3,Footer
FNF:1
FNH:1
FNDA:4,Footer
DA:5,4
LF:1
LH:1
BRF:0
BRH:0
end_of_record
TN:
SF:Z:\ReactApps\react-hire-a-team\src\components\Header.js
FN:3,Header
FNF:1
FNH:1
FNDA:4,Header
DA:5,4
LF:1
LH:1
BRF:0
BRH:0
end_of_record
TN:
SF:Z:\ReactApps\react-hire-a-team\src\components\HowItWorks.js
FN:5,(anonymous_0)
FNF:1
FNH:0
FNDA:0,(anonymous_0)
DA:6,0
LF:1
LH:0
BRF:0
BRH:0
end_of_record
TN:
SF:Z:\ReactApps\react-hire-a-team\src\components\Login.js
FN:5,(anonymous_0)
FNF:1
FNH:0
FNDA:0,(anonymous_0)
DA:6,0
LF:1
LH:0
BRF:0
BRH:0
end_of_record
TN:
SF:Z:\ReactApps\react-hire-a-team\src\components\NotFound.js
FN:2,(anonymous_0)
FNF:1
FNH:0
FNDA:0,(anonymous_0)
DA:2,1
LF:1
LH:1
BRF:0
BRH:0
end_of_record
TN:
SF:Z:\ReactApps\react-hire-a-team\src\components\PostJob.js
FN:5,(anonymous_0)
FNF:1
FNH:0
FNDA:0,(anonymous_0)
DA:6,0
LF:1
LH:0
BRF:0
BRH:0
end_of_record
TN:
SF:Z:\ReactApps\react-hire-a-team\src\components\Signup.js
FN:5,(anonymous_0)
FNF:1
FNH:0
FNDA:0,(anonymous_0)
DA:6,0
LF:1
LH:0
BRF:0
BRH:0
end_of_record
TN:
SF:Z:\ReactApps\react-hire-a-team\src\containers\App.js
FN:15,(anonymous_0)
FNF:1
FNH:1
FNDA:8,(anonymous_0)
DA:16,8
LF:1
LH:1
BRF:0
BRH:0
end_of_record
TN:
SF:Z:\ReactApps\react-hire-a-team\src\containers\Nav.js
FN:4,Nav
FNF:1
FNH:1
FNDA:10,Nav
DA:6,10
LF:1
LH:1
BRF:0
BRH:0
end_of_record
