TN:
SF:Z:\ReactApps\react-hire-a-team\src\index.js
FNF:0
FNH:0
DA:6,0
LF:1
LH:0
BRF:0
BRH:0
end_of_record
TN:
SF:Z:\ReactApps\react-hire-a-team\src\components\Footer.js
FN:3,Footer
FNF:1
FNH:1
FNDA:5,Footer
DA:5,5
LF:1
LH:1
BRF:0
BRH:0
end_of_record
TN:
SF:Z:\ReactApps\react-hire-a-team\src\components\Header.js
FN:3,Header
FNF:1
FNH:1
FNDA:5,Header
DA:5,5
LF:1
LH:1
BRF:0
BRH:0
end_of_record
TN:
SF:Z:\ReactApps\react-hire-a-team\src\components\HowItWorks.js
FN:5,(anonymous_0)
FNF:1
FNH:1
FNDA:1,(anonymous_0)
DA:6,1
LF:1
LH:1
BRF:0
BRH:0
end_of_record
TN:
SF:Z:\ReactApps\react-hire-a-team\src\components\Login.js
FN:5,(anonymous_0)
FNF:1
FNH:1
FNDA:1,(anonymous_0)
DA:6,1
LF:1
LH:1
BRF:0
BRH:0
end_of_record
TN:
SF:Z:\ReactApps\react-hire-a-team\src\components\NotFound.js
FN:2,(anonymous_0)
FNF:1
FNH:1
FNDA:1,(anonymous_0)
DA:2,3
LF:1
LH:1
BRF:0
BRH:0
end_of_record
TN:
SF:Z:\ReactApps\react-hire-a-team\src\components\PostJob.js
FN:5,(anonymous_0)
FNF:1
FNH:1
FNDA:1,(anonymous_0)
DA:6,1
LF:1
LH:1
BRF:0
BRH:0
end_of_record
TN:
SF:Z:\ReactApps\react-hire-a-team\src\components\Signup.js
FN:5,(anonymous_0)
FNF:1
FNH:1
FNDA:1,(anonymous_0)
DA:6,1
LF:1
LH:1
BRF:0
BRH:0
end_of_record
TN:
SF:Z:\ReactApps\react-hire-a-team\src\containers\App.js
FN:15,(anonymous_0)
FNF:1
FNH:1
FNDA:9,(anonymous_0)
DA:16,9
LF:1
LH:1
BRF:0
BRH:0
end_of_record
TN:
SF:Z:\ReactApps\react-hire-a-team\src\containers\Nav.js
FN:4,Nav
FNF:1
FNH:1
FNDA:11,Nav
DA:6,11
LF:1
LH:1
BRF:0
BRH:0
end_of_record
